\BOOKMARK [0][-]{section*.1}{\376\377\000L\000I\000S\000T\000E\000\040\000D\000E\000S\000\040\000T\000A\000B\000L\000E\000A\000U\000X}{}% 1
\BOOKMARK [0][-]{section*.2}{\376\377\000L\000I\000S\000T\000E\000\040\000D\000E\000S\000\040\000F\000I\000G\000U\000R\000E\000S}{}% 2
\BOOKMARK [0][-]{section*.3}{\376\377\000I\000N\000T\000R\000O\000D\000U\000C\000T\000I\000O\000N\000\040\000G\000E\000N\000E\000R\000A\000L\000E}{}% 3
\BOOKMARK [0][-]{ochapter.1}{\376\377\0001\000\040\000P\000R\000E\000S\000E\000N\000T\000A\000T\000I\000O\000N\000\040\000D\000E\000S\000\040\000D\000O\000N\000N\000E\000E\000S\000\040\000E\000T\000\040\000A\000N\000A\000L\000Y\000S\000E\000S\000\040\000E\000X\000P\000L\000O\000R\000A\000T\000O\000I\000R\000E\000S}{}% 4
\BOOKMARK [1][-]{section.0.1}{\376\377\000P\000r\000\351\000s\000e\000n\000t\000a\000t\000i\000o\000n\000\040\000d\000e\000s\000\040\000d\000o\000n\000n\000\351\000e\000s}{ochapter.1}% 5
\BOOKMARK [1][-]{section.0.2}{\376\377\000A\000n\000a\000l\000y\000s\000e\000s\000\040\000e\000x\000p\000l\000o\000r\000a\000t\000o\000i\000r\000e\000s}{ochapter.1}% 6
\BOOKMARK [0][-]{ochapter.2}{\376\377\0002\000\040\000A\000N\000A\000L\000Y\000S\000E\000S\000\040\000D\000E\000\040\000L\000A\000\040\000P\000E\000R\000F\000O\000R\000M\000A\000N\000C\000E\000\040\000D\000U\000\040\000R\000E\000S\000E\000A\000U\000\040\000A\000V\000E\000C\000\040\000P\000Y\000S\000P\000A\000R\000K}{}% 7
\BOOKMARK [1][-]{section.0.1}{\376\377\000I\000n\000d\000i\000c\000a\000t\000e\000u\000r\000s\000\040\000d\000e\000\040\000t\000e\000n\000d\000a\000n\000c\000e\000\040\000c\000e\000n\000t\000r\000a\000l\000e\000\040}{ochapter.2}% 8
\BOOKMARK [1][-]{section.0.2}{\376\377\000I\000n\000d\000i\000c\000a\000t\000e\000u\000r\000s\000\040\000d\000e\000\040\000d\000i\000s\000p\000e\000r\000s\000i\000o\000n\000\040}{ochapter.2}% 9
\BOOKMARK [1][-]{section.0.3}{\376\377\000\040\000F\000r\000\351\000q\000u\000e\000n\000c\000e\000s\000\040\000d\000'\000a\000p\000p\000a\000r\000i\000t\000i\000o\000n\000\040\000d\000e\000s\000\040\000t\000t\000l}{ochapter.2}% 10
\BOOKMARK [1][-]{section.0.4}{\376\377\000T\000a\000u\000x\000\040\000d\000e\000\040\000p\000e\000r\000t\000e\000\040\000d\000e\000\040\000p\000a\000q\000u\000e\000t\000s}{ochapter.2}% 11
\BOOKMARK [1][-]{section.0.5}{\376\377\000M\000o\000y\000e\000n\000n\000e\000\040\000p\000a\000r\000\040\000g\000r\000o\000u\000p\000e\000\040\000d\000e\000\040\000s\000e\000c\000o\000n\000d\000e\000s}{ochapter.2}% 12
\BOOKMARK [1][-]{section.0.6}{\376\377\000\040\000l\000e\000\040\000n\000o\000m\000b\000r\000e\000\040\000d\000e\000\040\000r\000e\000q\000u\000e\000t\000e\000s\000\040\000o\000\371\000\040\000l\000a\000\040\000l\000a\000t\000e\000n\000c\000e\000\040\000e\000s\000t\000\040\000a\000n\000o\000r\000m\000a\000l\000e\000m\000e\000n\000t\000\040\000\351\000l\000e\000v\000\351\000e}{ochapter.2}% 13
\BOOKMARK [1][-]{section.0.7}{\376\377\000\040\000l\000e\000\040\000n\000o\000m\000b\000r\000e\000\040\000d\000e\000\040\000r\000e\000q\000u\000e\000t\000e\000s\000\040\000o\000\371\000\040\000l\000a\000\040\000l\000a\000t\000e\000n\000c\000e\000\040\000e\000s\000t\000\040\000a\000n\000o\000r\000m\000a\000l\000e\000m\000e\000n\000t\000\040\000f\000a\000i\000b\000l\000e\000,\000\040\000r\000e\000l\000a\000t\000i\000v\000e\000m\000e\000n\000t\000\040\000\340\000\040\000l\000'\000e\000n\000s\000e\000m\000b\000l\000e}{ochapter.2}% 14
\BOOKMARK [1][-]{section.0.8}{\376\377\000A\000n\000o\000m\000a\000l\000i\000e\000s\000\040\000o\000\371\000\040\000l\000e\000\040\000t\000e\000m\000p\000s\000\040\000d\000e\000\040\000l\000a\000t\000e\000n\000c\000e\000\040\000d\000\351\000p\000a\000s\000s\000e\000\040\000u\000n\000\040\000c\000e\000r\000t\000a\000i\000n\000\040\000s\000e\000u\000i\000l}{ochapter.2}% 15
\BOOKMARK [1][-]{section.0.9}{\376\377\000R\000e\000p\000a\000r\000t\000i\000t\000i\000o\000n\000\040\000d\000e\000s\000\040\000T\000T\000L\000\040\000e\000n\000\040\000f\000o\000n\000c\000t\000i\000o\000n\000\040\000d\000e\000s\000\040\000s\000e\000u\000i\000l\000\040\000d\000e\000\040\000l\000a\000t\000e\000n\000c\000e\000\040\000a\000n\000o\000r\000m\000a\000l\000e\000s}{ochapter.2}% 16
\BOOKMARK [1][-]{section.0.10}{\376\377\000V\000a\000r\000i\000a\000t\000i\000o\000n\000\040\000m\000o\000y\000e\000n\000n\000e\000\040\000d\000u\000\040\000d\000\351\000l\000a\000i\000\040\000d\000e\000\040\000t\000r\000a\000n\000s\000m\000i\000s\000s\000i\000o\000n\000\040\000d\000e\000s\000\040\000p\000a\000q\000u\000e\000t\000s\000\040\000o\000u\000\040\000g\000i\000g\000u\000e}{ochapter.2}% 17
\BOOKMARK [0][-]{ochapter.3}{\376\377\0003\000\040\000I\000N\000T\000E\000R\000P\000R\000E\000T\000A\000T\000I\000O\000N\000\040\000E\000T\000\040\000D\000I\000S\000C\000U\000S\000S\000I\000O\000N\000\040\000D\000E\000S\000\040\000R\000E\000S\000U\000L\000T\000A\000T\000S}{}% 18
\BOOKMARK [1][-]{section.0.1}{\376\377\000S\000t\000a\000t\000i\000s\000t\000i\000q\000u\000e\000s\000\040\000g\000\351\000n\000\351\000r\000a\000l\000e\000s\000\040\000s\000u\000r\000\040\000l\000'\000\351\000m\000i\000s\000s\000i\000o\000n\000\040\000e\000t\000\040\000l\000a\000\040\000r\000\351\000c\000e\000p\000t\000i\000o\000n\000\040\000d\000e\000s\000\040\000r\000e\000q\000u\000\352\000t\000e\000s}{ochapter.3}% 19
\BOOKMARK [1][-]{section.0.2}{\376\377\000A\000n\000a\000l\000y\000s\000e\000\040\000d\000e\000s\000\040\000T\000T\000L\000\040\000e\000t\000\040\000d\000e\000\040\000l\000a\000\040\000s\000t\000a\000b\000i\000l\000i\000t\000\351\000\040\000d\000u\000\040\000r\000o\000u\000t\000a\000g\000e}{ochapter.3}% 20
\BOOKMARK [1][-]{section.0.3}{\376\377\000A\000n\000a\000l\000y\000s\000e\000\040\000d\000e\000s\000\040\000t\000e\000m\000p\000s\000\040\000d\000e\000\040\000l\000a\000t\000e\000n\000c\000e}{ochapter.3}% 21
\BOOKMARK [0][-]{section*.22}{\376\377\000C\000O\000N\000C\000L\000U\000S\000I\000O\000N\000\040}{}% 22
